{"additional":"properties","are":"passed along","level":"info","message":{"error":{"code":3,"msg":"Invalid json"},"id":null},"service":"user-service"}
{"additional":"properties","are":"passed along","level":"info","message":{"id":1,"result":null},"service":"user-service"}
{"additional":"properties","are":"passed along","level":"info","message":{"id":1,"result":null},"service":"user-service"}
{"additional":"properties","are":"passed along","level":"info","message":{"data":{"E":1674037693036,"S":"-1","T":1674037692880,"a":"4656767113679896576","b":"4656767107484966912","e":"trade","p":"276.1","q":"0.01","s":"ETH-230127-1300-C","t":"729"},"stream":"ETH@trade"},"service":"user-service"}
{"additional":"properties","are":"passed along","level":"info","message":{"data":{"E":1674037773232,"S":"-1","T":1674037772964,"a":"4647759914753187840","b":"4683786515531051008","e":"trade","p":"15","q":"1","s":"ETH-230224-1100-P","t":"70"},"stream":"ETH@trade"},"service":"user-service"}
{"additional":"properties","are":"passed along","level":"info","message":{"data":{"E":1674037878352,"S":"1","T":1674037878064,"a":"4719817505468182528","b":"4674781512947859456","e":"trade","p":"3","q":"4.59","s":"ETH-230127-1200-P","t":"463"},"stream":"ETH@trade"},"service":"user-service"}
{"additional":"properties","are":"passed along","level":"info","message":{"data":{"E":1674037918139,"S":"-1","T":1674037917920,"a":"4719817509384843264","b":"4647759914667642880","e":"trade","p":"18.3","q":"0.01","s":"ETH-230120-1600-C","t":"626"},"stream":"ETH@trade"},"service":"user-service"}
{"additional":"properties","are":"passed along","level":"info","message":{"data":{"E":1674037953551,"S":"-1","T":1674037953145,"a":"4728824708783894528","b":"4656767113196621824","e":"trade","p":"34.9","q":"0.18","s":"ETH-230119-1550-C","t":"19"},"stream":"ETH@trade"},"service":"user-service"}
{"additional":"properties","are":"passed along","level":"info","message":{"data":{"E":1674037995701,"S":"1","T":1674037995412,"a":"4692795904550277120","b":"4665774314173808640","e":"trade","p":"5.1","q":"2","s":"ETH-230120-1500-P","t":"233"},"stream":"ETH@trade"},"service":"user-service"}
{"additional":"properties","are":"passed along","level":"info","message":{"data":{"E":1674038006046,"S":"1","T":1674038005875,"a":"4701803103908139008","b":"4728824708999831552","e":"trade","p":"1.8","q":"1.43","s":"ETH-230120-1450-P","t":"269"},"stream":"ETH@trade"},"service":"user-service"}
{"additional":"properties","are":"passed along","level":"info","message":{"data":{"E":1674038015826,"S":"-1","T":1674038015560,"a":"4665774314256359424","b":"4701803079271636992","e":"trade","p":"3.1","q":"1","s":"ETH-230203-1100-P","t":"80"},"stream":"ETH@trade"},"service":"user-service"}
{"additional":"properties","are":"passed along","level":"info","message":{"data":{"E":1674038094385,"S":"1","T":1674038094168,"a":"4719817506388955136","b":"4683788713087827968","e":"trade","p":"137.4","q":"0.01","s":"ETH-230119-1450-C","t":"10"},"stream":"ETH@trade"},"service":"user-service"}
{"additional":"properties","are":"passed along","level":"info","message":{"data":{"E":1674038112152,"S":"1","T":1674038111814,"a":"4710810310623748096","b":"4674781513905344512","e":"trade","p":"20.2","q":"0.6","s":"ETH-230203-1350-P","t":"24"},"stream":"ETH@trade"},"service":"user-service"}
{"additional":"properties","are":"passed along","level":"info","message":{"data":{"E":1674038150919,"S":"-1","T":1674038150779,"a":"4638752717045997568","b":"4683786515531051008","e":"trade","p":"15","q":"0.09","s":"ETH-230224-1100-P","t":"71"},"stream":"ETH@trade"},"service":"user-service"}
{"additional":"properties","are":"passed along","level":"info","message":{"data":{"E":1674038218957,"S":"1","T":1674038218744,"a":"4737831907916365824","b":"4647759916579127296","e":"trade","p":"26.7","q":"0.06","s":"ETH-230331-1000-P","t":"68"},"stream":"ETH@trade"},"service":"user-service"}
{"additional":"properties","are":"passed along","level":"info","message":{"data":{"E":1674038222590,"S":"1","T":1674038222412,"a":"4701803103908495360","b":"4665774315103617024","e":"trade","p":"35.2","q":"0.01","s":"ETH-230119-1600-P","t":"18"},"stream":"ETH@trade"},"service":"user-service"}
{"additional":"properties","are":"passed along","level":"info","message":{"data":{"E":1674038239354,"S":"1","T":1674038239146,"a":"4719817506753916928","b":"4683788713681657856","e":"trade","p":"0.3","q":"10","s":"ETH-230120-1800-C","t":"189"},"stream":"ETH@trade"},"service":"user-service"}
{"additional":"properties","are":"passed along","level":"info","message":{"data":{"E":1674038272249,"S":"1","T":1674038271942,"a":"4710810309672886272","b":"4683788713815990272","e":"trade","p":"3.1","q":"0.76","s":"ETH-230127-1200-P","t":"464"},"stream":"ETH@trade"},"service":"user-service"}
{"additional":"properties","are":"passed along","level":"info","message":{"data":{"E":1674038272249,"S":"1","T":1674038271942,"a":"4719817509914062848","b":"4683788713815990272","e":"trade","p":"3.1","q":"0.47","s":"ETH-230127-1200-P","t":"465"},"stream":"ETH@trade"},"service":"user-service"}
{"additional":"properties","are":"passed along","level":"info","message":{"data":{"E":1674038286192,"S":"1","T":1674038286015,"a":"4728824709197467648","b":"4674781514618818560","e":"trade","p":"1.1","q":"1","s":"ETH-230120-1400-P","t":"347"},"stream":"ETH@trade"},"service":"user-service"}
{"additional":"properties","are":"passed along","level":"info","message":{"data":{"E":1674038344470,"S":"-1","T":1674038344423,"a":"4665774315603390464","b":"4656767103570309120","e":"trade","p":"106.7","q":"0.01","s":"ETH-230127-1500-C","t":"1527"},"stream":"ETH@trade"},"service":"user-service"}
{"additional":"properties","are":"passed along","level":"info","message":{"data":{"E":1674038344470,"S":"-1","T":1674038344423,"a":"4665774315603390464","b":"4701803112603107328","e":"trade","p":"106.1","q":"0.4","s":"ETH-230127-1500-C","t":"1528"},"stream":"ETH@trade"},"service":"user-service"}
{"additional":"properties","are":"passed along","level":"info","message":{"data":{"E":1674038431533,"S":"-1","T":1674038431309,"a":"4701803112978206720","b":"4638752705434513408","e":"trade","p":"18.6","q":"0.14","s":"ETH-230119-1575-C","t":"29"},"stream":"ETH@trade"},"service":"user-service"}
{"additional":"properties","are":"passed along","level":"info","message":{"data":{"E":1674038432957,"S":"-1","T":1674038432712,"a":"4701803112983982080","b":"4674781514650329088","e":"trade","p":"17.3","q":"0.05","s":"ETH-230120-1600-C","t":"627"},"stream":"ETH@trade"},"service":"user-service"}
{"additional":"properties","are":"passed along","level":"info","message":{"id":1,"result":null},"service":"user-service"}
{"additional":"properties","are":"passed along","level":"info","message":{"id":1,"result":null},"service":"user-service"}
{"additional":"properties","are":"passed along","level":"info","message":{"id":1,"result":null},"service":"user-service"}
{"additional":"properties","are":"passed along","level":"info","message":{"id":1,"result":null},"service":"user-service"}
{"additional":"properties","are":"passed along","level":"info","message":{"id":1,"result":null},"service":"user-service"}
{"additional":"properties","are":"passed along","level":"info","message":{"data":{"E":1674038701160,"S":"1","T":1674038700994,"a":"4719817512443654144","b":"4683788715573383168","e":"trade","p":"9.7","q":"0.43","s":"ETH-230119-1600-C","t":"32"},"stream":"ETH@trade"},"service":"user-service"}
{"additional":"properties","are":"passed along","level":"info","message":{"data":{"E":1674038701160,"S":"1","T":1674038700994,"a":"4719817512443654144","b":"4683788715573383168","e":"trade","p":"9.7","q":"0.43","s":"ETH-230119-1600-C","t":"32"},"stream":"ETH@trade"},"service":"user-service"}
{"additional":"properties","are":"passed along","level":"info","message":{"data":{"E":1674038702765,"S":"1","T":1674038702618,"a":"4701803113890168832","b":"4674781516325257216","e":"trade","p":"78","q":"0.06","s":"BTC-230120-22000-C","t":"203"},"stream":"BTC@trade"},"service":"user-service"}
{"additional":"properties","are":"passed along","level":"info","message":{"data":{"E":1674038702765,"S":"1","T":1674038702618,"a":"4701803113890168832","b":"4674781516325257216","e":"trade","p":"78","q":"0.06","s":"BTC-230120-22000-C","t":"203"},"stream":"BTC@trade"},"service":"user-service"}
{"additional":"properties","are":"passed along","level":"info","message":{"data":{"E":1674038746466,"S":"-1","T":1674038746272,"a":"4728824712032505856","b":"4692795914929405952","e":"trade","p":"76","q":"1.87","s":"BTC-230120-22000-C","t":"204"},"stream":"BTC@trade"},"service":"user-service"}
{"additional":"properties","are":"passed along","level":"info","message":{"data":{"E":1674038746466,"S":"-1","T":1674038746272,"a":"4728824712032505856","b":"4692795914929405952","e":"trade","p":"76","q":"1.87","s":"BTC-230120-22000-C","t":"204"},"stream":"BTC@trade"},"service":"user-service"}
{"additional":"properties","are":"passed along","level":"info","message":{"data":{"E":1674038746466,"S":"-1","T":1674038746231,"a":"4692795915013419008","b":"4692795900907667456","e":"trade","p":"11","q":"2.43","s":"BTC-230127-16000-P","t":"203"},"stream":"BTC@trade"},"service":"user-service"}
{"additional":"properties","are":"passed along","level":"info","message":{"data":{"E":1674038746466,"S":"-1","T":1674038746231,"a":"4692795915013419008","b":"4692795900907667456","e":"trade","p":"11","q":"2.43","s":"BTC-230127-16000-P","t":"203"},"stream":"BTC@trade"},"service":"user-service"}
{"additional":"properties","are":"passed along","level":"info","message":{"data":{"E":1674038746667,"S":"-1","T":1674038746372,"a":"4701803114268704768","b":"4692795900907667456","e":"trade","p":"11","q":"2.47","s":"BTC-230127-16000-P","t":"204"},"stream":"BTC@trade"},"service":"user-service"}
{"additional":"properties","are":"passed along","level":"info","message":{"data":{"E":1674038746667,"S":"-1","T":1674038746372,"a":"4701803114268704768","b":"4692795900907667456","e":"trade","p":"11","q":"2.47","s":"BTC-230127-16000-P","t":"204"},"stream":"BTC@trade"},"service":"user-service"}
{"additional":"properties","are":"passed along","level":"info","message":{"data":{"E":1674038750275,"S":"-1","T":1674038749542,"a":"4692795915026845696","b":"4701803114270023680","e":"trade","p":"8","q":"2.45","s":"BTC-230120-19000-P","t":"447"},"stream":"BTC@trade"},"service":"user-service"}
{"additional":"properties","are":"passed along","level":"info","message":{"data":{"E":1674038750275,"S":"-1","T":1674038749542,"a":"4692795915026845696","b":"4701803114270023680","e":"trade","p":"8","q":"2.45","s":"BTC-230120-19000-P","t":"447"},"stream":"BTC@trade"},"service":"user-service"}
{"additional":"properties","are":"passed along","level":"info","message":{"data":{"E":1674038750275,"S":"-1","T":1674038749542,"a":"4719817512791072768","b":"4737831911289147393","e":"trade","p":"2","q":"2.49","s":"BTC-230120-17500-P","t":"408"},"stream":"BTC@trade"},"service":"user-service"}
{"additional":"properties","are":"passed along","level":"info","message":{"data":{"E":1674038750275,"S":"-1","T":1674038749542,"a":"4719817512791072768","b":"4737831911289147393","e":"trade","p":"2","q":"2.49","s":"BTC-230120-17500-P","t":"408"},"stream":"BTC@trade"},"service":"user-service"}
{"additional":"properties","are":"passed along","level":"info","message":{"data":{"E":1674038750275,"S":"-1","T":1674038749516,"a":"4728824712045789184","b":"4737831911288152065","e":"trade","p":"12","q":"2.4","s":"BTC-230127-16000-P","t":"205"},"stream":"BTC@trade"},"service":"user-service"}
{"additional":"properties","are":"passed along","level":"info","message":{"data":{"E":1674038750275,"S":"-1","T":1674038749516,"a":"4728824712045789184","b":"4737831911288152065","e":"trade","p":"12","q":"2.4","s":"BTC-230127-16000-P","t":"205"},"stream":"BTC@trade"},"service":"user-service"}
{"additional":"properties","are":"passed along","level":"info","message":{"data":{"E":1674038752902,"S":"-1","T":1674038752628,"a":"4701803114294292480","b":"4692795915019403264","e":"trade","p":"1472","q":"0.02","s":"BTC-230127-20000-C","t":"579"},"stream":"BTC@trade"},"service":"user-service"}
{"additional":"properties","are":"passed along","level":"info","message":{"data":{"E":1674038752902,"S":"-1","T":1674038752628,"a":"4701803114294292480","b":"4692795915019403264","e":"trade","p":"1472","q":"0.02","s":"BTC-230127-20000-C","t":"579"},"stream":"BTC@trade"},"service":"user-service"}
{"additional":"properties","are":"passed along","level":"info","message":{"data":{"E":1674038752902,"S":"-1","T":1674038752588,"a":"4710810313548849152","b":"4737831911289147393","e":"trade","p":"2","q":"1.39","s":"BTC-230120-17500-P","t":"409"},"stream":"BTC@trade"},"service":"user-service"}
{"additional":"properties","are":"passed along","level":"info","message":{"data":{"E":1674038752902,"S":"-1","T":1674038752588,"a":"4710810313548849152","b":"4737831911289147393","e":"trade","p":"2","q":"1.39","s":"BTC-230120-17500-P","t":"409"},"stream":"BTC@trade"},"service":"user-service"}
{"additional":"properties","are":"passed along","level":"info","message":{"data":{"E":1674038752902,"S":"-1","T":1674038752615,"a":"4728824712058445824","b":"4737831911288152065","e":"trade","p":"12","q":"1.35","s":"BTC-230127-16000-P","t":"206"},"stream":"BTC@trade"},"service":"user-service"}
{"additional":"properties","are":"passed along","level":"info","message":{"data":{"E":1674038752902,"S":"-1","T":1674038752615,"a":"4728824712058445824","b":"4737831911288152065","e":"trade","p":"12","q":"1.35","s":"BTC-230127-16000-P","t":"206"},"stream":"BTC@trade"},"service":"user-service"}
{"additional":"properties","are":"passed along","level":"info","message":{"data":{"E":1674038761597,"S":"-1","T":1674038761331,"a":"4692795915075252224","b":"4701803114295705600","e":"trade","p":"11","q":"2.45","s":"BTC-230127-16000-P","t":"207"},"stream":"BTC@trade"},"service":"user-service"}
{"additional":"properties","are":"passed along","level":"info","message":{"data":{"E":1674038761597,"S":"-1","T":1674038761331,"a":"4692795915075252224","b":"4701803114295705600","e":"trade","p":"11","q":"2.45","s":"BTC-230127-16000-P","t":"207"},"stream":"BTC@trade"},"service":"user-service"}
{"additional":"properties","are":"passed along","level":"info","message":{"data":{"E":1674038761597,"S":"-1","T":1674038761369,"a":"4710810313584906240","b":"4701803114295705600","e":"trade","p":"11","q":"1.87","s":"BTC-230127-16000-P","t":"208"},"stream":"BTC@trade"},"service":"user-service"}
{"additional":"properties","are":"passed along","level":"info","message":{"data":{"E":1674038761597,"S":"-1","T":1674038761369,"a":"4710810313584906240","b":"4701803114295705600","e":"trade","p":"11","q":"1.87","s":"BTC-230127-16000-P","t":"208"},"stream":"BTC@trade"},"service":"user-service"}
{"additional":"properties","are":"passed along","level":"info","message":{"data":{"E":1674038832601,"S":"1","T":1674038832493,"a":"4701803114484137984","b":"4647759919093018624","e":"trade","p":"108","q":"0.12","s":"BTC-230127-19000-P","t":"211"},"stream":"BTC@trade"},"service":"user-service"}
{"additional":"properties","are":"passed along","level":"info","message":{"data":{"E":1674038832601,"S":"1","T":1674038832493,"a":"4701803114484137984","b":"4647759919093018624","e":"trade","p":"108","q":"0.12","s":"BTC-230127-19000-P","t":"211"},"stream":"BTC@trade"},"service":"user-service"}
{"additional":"properties","are":"passed along","level":"info","message":{"data":{"E":1674038837873,"S":"-1","T":1674038837560,"a":"4728824712406347776","b":"4737831911314534400","e":"trade","p":"5","q":"2.39","s":"BTC-230120-19000-P","t":"448"},"stream":"BTC@trade"},"service":"user-service"}
{"additional":"properties","are":"passed along","level":"info","message":{"data":{"E":1674038837873,"S":"-1","T":1674038837560,"a":"4728824712406347776","b":"4737831911314534400","e":"trade","p":"5","q":"2.39","s":"BTC-230120-19000-P","t":"448"},"stream":"BTC@trade"},"service":"user-service"}
{"additional":"properties","are":"passed along","level":"info","message":{"data":{"E":1674038838073,"S":"-1","T":1674038837597,"a":"4737831911661359104","b":"4737831911314534400","e":"trade","p":"5","q":"0.36","s":"BTC-230120-19000-P","t":"449"},"stream":"BTC@trade"},"service":"user-service"}
{"additional":"properties","are":"passed along","level":"info","message":{"data":{"E":1674038838073,"S":"-1","T":1674038837597,"a":"4737831911661359104","b":"4737831911314534400","e":"trade","p":"5","q":"0.36","s":"BTC-230120-19000-P","t":"449"},"stream":"BTC@trade"},"service":"user-service"}
{"additional":"properties","are":"passed along","level":"info","message":{"data":{"E":1674038841702,"S":"-1","T":1674038841565,"a":"4728824712422797312","b":"4710810313899139072","e":"trade","p":"5","q":"2.5","s":"BTC-230120-19000-P","t":"450"},"stream":"BTC@trade"},"service":"user-service"}
{"additional":"properties","are":"passed along","level":"info","message":{"data":{"E":1674038841702,"S":"-1","T":1674038841565,"a":"4728824712422797312","b":"4710810313899139072","e":"trade","p":"5","q":"2.5","s":"BTC-230120-19000-P","t":"450"},"stream":"BTC@trade"},"service":"user-service"}
{"additional":"properties","are":"passed along","level":"info","message":{"data":{"E":1674038841921,"S":"-1","T":1674038841639,"a":"4692795915404111872","b":"4710810313899139072","e":"trade","p":"5","q":"2.49","s":"BTC-230120-19000-P","t":"451"},"stream":"BTC@trade"},"service":"user-service"}
{"additional":"properties","are":"passed along","level":"info","message":{"data":{"E":1674038841921,"S":"-1","T":1674038841639,"a":"4692795915404111872","b":"4710810313899139072","e":"trade","p":"5","q":"2.49","s":"BTC-230120-19000-P","t":"451"},"stream":"BTC@trade"},"service":"user-service"}
{"additional":"properties","are":"passed along","level":"info","message":{"data":{"E":1674038841921,"S":"-1","T":1674038841691,"a":"4737831911678124032","b":"4710810313899139072","e":"trade","p":"5","q":"0.81","s":"BTC-230120-19000-P","t":"452"},"stream":"BTC@trade"},"service":"user-service"}
{"additional":"properties","are":"passed along","level":"info","message":{"data":{"E":1674038841921,"S":"-1","T":1674038841691,"a":"4737831911678124032","b":"4710810313899139072","e":"trade","p":"5","q":"0.81","s":"BTC-230120-19000-P","t":"452"},"stream":"BTC@trade"},"service":"user-service"}
{"additional":"properties","are":"passed along","level":"info","message":{"data":{"E":1674038880312,"S":"-1","T":1674038880237,"a":"4728824712581271552","b":"4719817513184632832","e":"trade","p":"5","q":"2.41","s":"BTC-230120-19000-P","t":"453"},"stream":"BTC@trade"},"service":"user-service"}
{"additional":"properties","are":"passed along","level":"info","message":{"data":{"E":1674038880312,"S":"-1","T":1674038880237,"a":"4728824712581271552","b":"4719817513184632832","e":"trade","p":"5","q":"2.41","s":"BTC-230120-19000-P","t":"453"},"stream":"BTC@trade"},"service":"user-service"}
{"additional":"properties","are":"passed along","level":"info","message":{"data":{"E":1674038880512,"S":"-1","T":1674038880323,"a":"4710810314072141824","b":"4719817513184632832","e":"trade","p":"5","q":"2.45","s":"BTC-230120-19000-P","t":"454"},"stream":"BTC@trade"},"service":"user-service"}
{"additional":"properties","are":"passed along","level":"info","message":{"data":{"E":1674038880512,"S":"-1","T":1674038880323,"a":"4710810314072141824","b":"4719817513184632832","e":"trade","p":"5","q":"2.45","s":"BTC-230120-19000-P","t":"454"},"stream":"BTC@trade"},"service":"user-service"}
{"additional":"properties","are":"passed along","level":"info","message":{"data":{"E":1674038880512,"S":"-1","T":1674038880381,"a":"4737831911836594176","b":"4692795915562868736","e":"trade","p":"8","q":"2.48","s":"BTC-230120-19000-P","t":"455"},"stream":"BTC@trade"},"service":"user-service"}
{"additional":"properties","are":"passed along","level":"info","message":{"data":{"E":1674038880512,"S":"-1","T":1674038880381,"a":"4737831911836594176","b":"4692795915562868736","e":"trade","p":"8","q":"2.48","s":"BTC-230120-19000-P","t":"455"},"stream":"BTC@trade"},"service":"user-service"}
{"additional":"properties","are":"passed along","level":"info","message":{"data":{"E":1674038884180,"S":"-1","T":1674038884050,"a":"4737831911851618304","b":"4719817513327915008","e":"trade","p":"12","q":"2.38","s":"BTC-230127-16000-P","t":"209"},"stream":"BTC@trade"},"service":"user-service"}
{"additional":"properties","are":"passed along","level":"info","message":{"data":{"E":1674038884180,"S":"-1","T":1674038884050,"a":"4737831911851618304","b":"4719817513327915008","e":"trade","p":"12","q":"2.38","s":"BTC-230127-16000-P","t":"209"},"stream":"BTC@trade"},"service":"user-service"}
{"additional":"properties","are":"passed along","level":"info","message":{"data":{"E":1674038884381,"S":"-1","T":1674038884074,"a":"4719817513342148608","b":"4692795915562868736","e":"trade","p":"8","q":"0.48","s":"BTC-230120-19000-P","t":"456"},"stream":"BTC@trade"},"service":"user-service"}
{"additional":"properties","are":"passed along","level":"info","message":{"data":{"E":1674038884381,"S":"-1","T":1674038884074,"a":"4719817513342148608","b":"4692795915562868736","e":"trade","p":"8","q":"0.48","s":"BTC-230120-19000-P","t":"456"},"stream":"BTC@trade"},"service":"user-service"}
{"additional":"properties","are":"passed along","level":"info","message":{"data":{"E":1674038884381,"S":"-1","T":1674038884113,"a":"4692795915578073088","b":"4719817513327915008","e":"trade","p":"12","q":"2.06","s":"BTC-230127-16000-P","t":"210"},"stream":"BTC@trade"},"service":"user-service"}
{"additional":"properties","are":"passed along","level":"info","message":{"data":{"E":1674038884381,"S":"-1","T":1674038884113,"a":"4692795915578073088","b":"4719817513327915008","e":"trade","p":"12","q":"2.06","s":"BTC-230127-16000-P","t":"210"},"stream":"BTC@trade"},"service":"user-service"}
{"additional":"properties","are":"passed along","level":"info","message":{"data":{"E":1674038886429,"S":"-1","T":1674038886292,"a":"4701803114841849856","b":"4692795915579367424","e":"trade","p":"5","q":"2.42","s":"BTC-230120-19000-P","t":"457"},"stream":"BTC@trade"},"service":"user-service"}
{"additional":"properties","are":"passed along","level":"info","message":{"data":{"E":1674038886429,"S":"-1","T":1674038886292,"a":"4701803114841849856","b":"4692795915579367424","e":"trade","p":"5","q":"2.42","s":"BTC-230120-19000-P","t":"457"},"stream":"BTC@trade"},"service":"user-service"}
{"additional":"properties","are":"passed along","level":"info","message":{"data":{"E":1674038886649,"S":"-1","T":1674038886428,"a":"4692795915587661824","b":"4692795915579367424","e":"trade","p":"5","q":"0.95","s":"BTC-230120-19000-P","t":"458"},"stream":"BTC@trade"},"service":"user-service"}
{"additional":"properties","are":"passed along","level":"info","message":{"data":{"E":1674038886649,"S":"-1","T":1674038886428,"a":"4692795915587661824","b":"4692795915579367424","e":"trade","p":"5","q":"0.95","s":"BTC-230120-19000-P","t":"458"},"stream":"BTC@trade"},"service":"user-service"}
{"additional":"properties","are":"passed along","level":"info","message":{"data":{"E":1674038971285,"S":"-1","T":1674038971239,"a":"4692795915935002624","b":"4737831911863164928","e":"trade","p":"5","q":"2.45","s":"BTC-230120-19000-P","t":"459"},"stream":"BTC@trade"},"service":"user-service"}
{"additional":"properties","are":"passed along","level":"info","message":{"data":{"E":1674038971285,"S":"-1","T":1674038971239,"a":"4692795915935002624","b":"4737831911863164928","e":"trade","p":"5","q":"2.45","s":"BTC-230120-19000-P","t":"459"},"stream":"BTC@trade"},"service":"user-service"}
{"additional":"properties","are":"passed along","level":"info","message":{"data":{"E":1674038971486,"S":"-1","T":1674038971294,"a":"4692795915935232000","b":"4737831911863164928","e":"trade","p":"5","q":"0.7","s":"BTC-230120-19000-P","t":"460"},"stream":"BTC@trade"},"service":"user-service"}
{"additional":"properties","are":"passed along","level":"info","message":{"data":{"E":1674038971486,"S":"-1","T":1674038971294,"a":"4692795915935232000","b":"4737831911863164928","e":"trade","p":"5","q":"0.7","s":"BTC-230120-19000-P","t":"460"},"stream":"BTC@trade"},"service":"user-service"}
{"additional":"properties","are":"passed along","level":"info","message":{"data":{"E":1674039021609,"S":"1","T":1674039021547,"a":"4719817512929820672","b":"4638752720612667392","e":"trade","p":"26","q":"19.64","s":"ETH-230224-1200-P","t":"60"},"stream":"ETH@trade"},"service":"user-service"}
{"additional":"properties","are":"passed along","level":"info","message":{"data":{"E":1674039021609,"S":"1","T":1674039021547,"a":"4719817512929820672","b":"4638752720612667392","e":"trade","p":"26","q":"19.64","s":"ETH-230224-1200-P","t":"60"},"stream":"ETH@trade"},"service":"user-service"}
{"additional":"properties","are":"passed along","level":"info","message":{"data":{"E":1674039021609,"S":"1","T":1674039021547,"a":"4692795915166965760","b":"4638752720612667392","e":"trade","p":"26","q":"10","s":"ETH-230224-1200-P","t":"61"},"stream":"ETH@trade"},"service":"user-service"}
{"additional":"properties","are":"passed along","level":"info","message":{"data":{"E":1674039021609,"S":"1","T":1674039021547,"a":"4692795915166965760","b":"4638752720612667392","e":"trade","p":"26","q":"10","s":"ETH-230224-1200-P","t":"61"},"stream":"ETH@trade"},"service":"user-service"}
{"additional":"properties","are":"passed along","level":"info","message":{"data":{"E":1674039042428,"S":"-1","T":1674039042163,"a":"4638752720697110528","b":"4692795916154650624","e":"trade","p":"8.7","q":"0.43","s":"ETH-230119-1600-C","t":"33"},"stream":"ETH@trade"},"service":"user-service"}
{"additional":"properties","are":"passed along","level":"info","message":{"data":{"E":1674039042428,"S":"-1","T":1674039042163,"a":"4638752720697110528","b":"4692795916154650624","e":"trade","p":"8.7","q":"0.43","s":"ETH-230119-1600-C","t":"33"},"stream":"ETH@trade"},"service":"user-service"}
{"additional":"properties","are":"passed along","level":"info","message":{"data":{"E":1674039052351,"S":"1","T":1674039052250,"a":"4692795916088147968","b":"4647759919993167872","e":"trade","p":"52","q":"0.01","s":"BTC-230127-18000-P","t":"299"},"stream":"BTC@trade"},"service":"user-service"}
{"additional":"properties","are":"passed along","level":"info","message":{"data":{"E":1674039052351,"S":"1","T":1674039052250,"a":"4692795916088147968","b":"4647759919993167872","e":"trade","p":"52","q":"0.01","s":"BTC-230127-18000-P","t":"299"},"stream":"BTC@trade"},"service":"user-service"}
{"additional":"properties","are":"passed along","level":"info","message":{"data":{"E":1674039134837,"S":"-1","T":1674039134646,"a":"4692795916604362752","b":"4701803115776204800","e":"trade","p":"5","q":"2.41","s":"BTC-230120-19000-P","t":"461"},"stream":"BTC@trade"},"service":"user-service"}
{"additional":"properties","are":"passed along","level":"info","message":{"data":{"E":1674039134837,"S":"-1","T":1674039134646,"a":"4692795916604362752","b":"4701803115776204800","e":"trade","p":"5","q":"2.41","s":"BTC-230120-19000-P","t":"461"},"stream":"BTC@trade"},"service":"user-service"}
{"additional":"properties","are":"passed along","level":"info","message":{"data":{"E":1674039134837,"S":"-1","T":1674039134693,"a":"4728824713623523328","b":"4701803115776204800","e":"trade","p":"5","q":"1.92","s":"BTC-230120-19000-P","t":"462"},"stream":"BTC@trade"},"service":"user-service"}
{"additional":"properties","are":"passed along","level":"info","message":{"data":{"E":1674039134837,"S":"-1","T":1674039134693,"a":"4728824713623523328","b":"4701803115776204800","e":"trade","p":"5","q":"1.92","s":"BTC-230120-19000-P","t":"462"},"stream":"BTC@trade"},"service":"user-service"}
{"additional":"properties","are":"passed along","level":"info","message":{"data":{"E":1674039135238,"S":"-1","T":1674039135063,"a":"4710810315115421696","b":"4719817514370240512","e":"trade","p":"8","q":"1.92","s":"BTC-230120-19000-P","t":"463"},"stream":"BTC@trade"},"service":"user-service"}
{"additional":"properties","are":"passed along","level":"info","message":{"data":{"E":1674039135238,"S":"-1","T":1674039135063,"a":"4710810315115421696","b":"4719817514370240512","e":"trade","p":"8","q":"1.92","s":"BTC-230120-19000-P","t":"463"},"stream":"BTC@trade"},"service":"user-service"}
{"additional":"properties","are":"passed along","level":"info","message":{"data":{"E":1674039138705,"S":"-1","T":1674039138545,"a":"4737831912893902848","b":"4719817514370240512","e":"trade","p":"8","q":"0.56","s":"BTC-230120-19000-P","t":"464"},"stream":"BTC@trade"},"service":"user-service"}
{"additional":"properties","are":"passed along","level":"info","message":{"data":{"E":1674039138705,"S":"-1","T":1674039138545,"a":"4737831912893902848","b":"4719817514370240512","e":"trade","p":"8","q":"0.56","s":"BTC-230120-19000-P","t":"464"},"stream":"BTC@trade"},"service":"user-service"}
{"additional":"properties","are":"passed along","level":"info","message":{"data":{"E":1674039138705,"S":"-1","T":1674039138545,"a":"4701803115874930688","b":"4701803115861782528","e":"trade","p":"12","q":"2.41","s":"BTC-230127-16000-P","t":"211"},"stream":"BTC@trade"},"service":"user-service"}
{"additional":"properties","are":"passed along","level":"info","message":{"data":{"E":1674039138705,"S":"-1","T":1674039138545,"a":"4701803115874930688","b":"4701803115861782528","e":"trade","p":"12","q":"2.41","s":"BTC-230127-16000-P","t":"211"},"stream":"BTC@trade"},"service":"user-service"}
{"additional":"properties","are":"passed along","level":"info","message":{"data":{"E":1674039138905,"S":"-1","T":1674039138647,"a":"4692795916620681216","b":"4701803115861782528","e":"trade","p":"12","q":"2.17","s":"BTC-230127-16000-P","t":"212"},"stream":"BTC@trade"},"service":"user-service"}
{"additional":"properties","are":"passed along","level":"info","message":{"data":{"E":1674039138905,"S":"-1","T":1674039138647,"a":"4692795916620681216","b":"4701803115861782528","e":"trade","p":"12","q":"2.17","s":"BTC-230127-16000-P","t":"212"},"stream":"BTC@trade"},"service":"user-service"}
{"additional":"properties","are":"passed along","level":"info","message":{"data":{"E":1674039157329,"S":"-1","T":1674039157235,"a":"4701803115951632384","b":"4719817514385321984","e":"trade","p":"5","q":"2.41","s":"BTC-230120-19000-P","t":"465"},"stream":"BTC@trade"},"service":"user-service"}
{"additional":"properties","are":"passed along","level":"info","message":{"data":{"E":1674039157329,"S":"-1","T":1674039157235,"a":"4701803115951632384","b":"4719817514385321984","e":"trade","p":"5","q":"2.41","s":"BTC-230120-19000-P","t":"465"},"stream":"BTC@trade"},"service":"user-service"}
{"additional":"properties","are":"passed along","level":"info","message":{"data":{"E":1674039157529,"S":"-1","T":1674039157272,"a":"4710810315206520832","b":"4719817514385321984","e":"trade","p":"5","q":"1.73","s":"BTC-230120-19000-P","t":"466"},"stream":"BTC@trade"},"service":"user-service"}
{"additional":"properties","are":"passed along","level":"info","message":{"data":{"E":1674039157529,"S":"-1","T":1674039157272,"a":"4710810315206520832","b":"4719817514385321984","e":"trade","p":"5","q":"1.73","s":"BTC-230120-19000-P","t":"466"},"stream":"BTC@trade"},"service":"user-service"}
{"additional":"properties","are":"passed along","level":"info","message":{"data":{"E":1674039195523,"S":"1","T":1674039195296,"a":"4719817506753916928","b":"4656767119833821184","e":"trade","p":"0.3","q":"8.41","s":"ETH-230120-1800-C","t":"190"},"stream":"ETH@trade"},"service":"user-service"}
{"additional":"properties","are":"passed along","level":"info","message":{"data":{"E":1674039195523,"S":"1","T":1674039195296,"a":"4719817506753916928","b":"4656767119833821184","e":"trade","p":"0.3","q":"8.41","s":"ETH-230120-1800-C","t":"190"},"stream":"ETH@trade"},"service":"user-service"}
{"additional":"properties","are":"passed along","level":"info","message":{"data":{"E":1674039195523,"S":"1","T":1674039195296,"a":"4728824709955514368","b":"4656767119833821184","e":"trade","p":"0.3","q":"2.59","s":"ETH-230120-1800-C","t":"191"},"stream":"ETH@trade"},"service":"user-service"}
{"additional":"properties","are":"passed along","level":"info","message":{"data":{"E":1674039195523,"S":"1","T":1674039195296,"a":"4728824709955514368","b":"4656767119833821184","e":"trade","p":"0.3","q":"2.59","s":"ETH-230120-1800-C","t":"191"},"stream":"ETH@trade"},"service":"user-service"}
{"additional":"properties","are":"passed along","level":"info","message":{"data":{"E":1674039262131,"S":"-1","T":1674039261544,"a":"4674781518614654976","b":"4638752721514020864","e":"trade","p":"17.5","q":"0.1","s":"ETH-230120-1600-C","t":"628"},"stream":"ETH@trade"},"service":"user-service"}
{"additional":"properties","are":"passed along","level":"info","message":{"data":{"E":1674039262131,"S":"-1","T":1674039261544,"a":"4674781518614654976","b":"4638752721514020864","e":"trade","p":"17.5","q":"0.1","s":"ETH-230120-1600-C","t":"628"},"stream":"ETH@trade"},"service":"user-service"}
{"additional":"properties","are":"passed along","level":"info","message":{"id":1,"result":null},"service":"user-service"}
{"additional":"properties","are":"passed along","level":"info","message":{"id":1,"result":null},"service":"user-service"}
{"additional":"properties","are":"passed along","level":"info","message":{"id":1,"result":null},"service":"user-service"}
{"additional":"properties","are":"passed along","level":"info","message":{"id":1,"result":null},"service":"user-service"}
{"additional":"properties","are":"passed along","level":"info","message":{"id":1,"result":null},"service":"user-service"}
{"additional":"properties","are":"passed along","level":"info","message":{"id":1,"result":null},"service":"user-service"}
{"additional":"properties","are":"passed along","level":"info","message":{"id":1,"result":null},"service":"user-service"}
{"additional":"properties","are":"passed along","level":"info","message":{"id":1,"result":null},"service":"user-service"}
{"additional":"properties","are":"passed along","level":"info","message":{"data":{"E":1674039632633,"S":"-1","T":1674039632413,"a":"4701803117897854976","b":"4737831914875662336","e":"trade","p":"5","q":"2.28","s":"BTC-230120-19000-P","t":"474"},"stream":"BTC@trade"},"service":"user-service"}
{"additional":"properties","are":"passed along","level":"info","message":{"data":{"E":1674039632633,"S":"-1","T":1674039632413,"a":"4701803117897854976","b":"4737831914875662336","e":"trade","p":"5","q":"2.28","s":"BTC-230120-19000-P","t":"474"},"stream":"BTC@trade"},"service":"user-service"}
{"additional":"properties","are":"passed along","level":"info","message":{"data":{"E":1674039632414,"S":"-1","T":1674039632313,"a":"4737831914916478976","b":"4737831914875662336","e":"trade","p":"5","q":"2.42","s":"BTC-230120-19000-P","t":"473"},"stream":"BTC@trade"},"service":"user-service"}
{"additional":"properties","are":"passed along","level":"info","message":{"data":{"E":1674039632414,"S":"-1","T":1674039632313,"a":"4737831914916478976","b":"4737831914875662336","e":"trade","p":"5","q":"2.42","s":"BTC-230120-19000-P","t":"473"},"stream":"BTC@trade"},"service":"user-service"}
{"additional":"properties","are":"passed along","level":"info","message":{"data":{"E":1674039640073,"S":"-1","T":1674039639923,"a":"4710810317183389696","b":"4719817516424081408","e":"trade","p":"5","q":"2.45","s":"BTC-230120-19000-P","t":"476"},"stream":"BTC@trade"},"service":"user-service"}
{"additional":"properties","are":"passed along","level":"info","message":{"data":{"E":1674039640073,"S":"-1","T":1674039639857,"a":"4701803117928452096","b":"4719817516424081408","e":"trade","p":"5","q":"2.49","s":"BTC-230120-19000-P","t":"475"},"stream":"BTC@trade"},"service":"user-service"}
{"additional":"properties","are":"passed along","level":"info","message":{"data":{"E":1674039640073,"S":"-1","T":1674039639857,"a":"4701803117928452096","b":"4719817516424081408","e":"trade","p":"5","q":"2.49","s":"BTC-230120-19000-P","t":"475"},"stream":"BTC@trade"},"service":"user-service"}
{"additional":"properties","are":"passed along","level":"info","message":{"data":{"E":1674039640073,"S":"-1","T":1674039639923,"a":"4710810317183389696","b":"4719817516424081408","e":"trade","p":"5","q":"2.45","s":"BTC-230120-19000-P","t":"476"},"stream":"BTC@trade"},"service":"user-service"}
{"additional":"properties","are":"passed along","level":"info","message":{"data":{"E":1674039640275,"S":"-1","T":1674039639976,"a":"4710810317183680512","b":"4719817516424081408","e":"trade","p":"5","q":"0.66","s":"BTC-230120-19000-P","t":"477"},"stream":"BTC@trade"},"service":"user-service"}
{"additional":"properties","are":"passed along","level":"info","message":{"data":{"E":1674039640275,"S":"-1","T":1674039639976,"a":"4710810317183680512","b":"4719817516424081408","e":"trade","p":"5","q":"0.66","s":"BTC-230120-19000-P","t":"477"},"stream":"BTC@trade"},"service":"user-service"}
{"additional":"properties","are":"passed along","level":"info","message":{"data":{"E":1674039647950,"S":"-1","T":1674039647753,"a":"4701803117960794112","b":"4692795918677958656","e":"trade","p":"5","q":"2.46","s":"BTC-230120-19000-P","t":"478"},"stream":"BTC@trade"},"service":"user-service"}
{"additional":"properties","are":"passed along","level":"info","message":{"data":{"E":1674039647950,"S":"-1","T":1674039647753,"a":"4701803117960794112","b":"4692795918677958656","e":"trade","p":"5","q":"2.46","s":"BTC-230120-19000-P","t":"478"},"stream":"BTC@trade"},"service":"user-service"}
{"additional":"properties","are":"passed along","level":"info","message":{"data":{"E":1674039647950,"S":"-1","T":1674039647802,"a":"4719817516470476800","b":"4692795918677958656","e":"trade","p":"5","q":"2.44","s":"BTC-230120-19000-P","t":"479"},"stream":"BTC@trade"},"service":"user-service"}
{"additional":"properties","are":"passed along","level":"info","message":{"data":{"E":1674039647950,"S":"-1","T":1674039647802,"a":"4719817516470476800","b":"4692795918677958656","e":"trade","p":"5","q":"2.44","s":"BTC-230120-19000-P","t":"479"},"stream":"BTC@trade"},"service":"user-service"}
{"additional":"properties","are":"passed along","level":"info","message":{"data":{"E":1674039648152,"S":"-1","T":1674039647894,"a":"4710810317216112640","b":"4692795918677958656","e":"trade","p":"5","q":"0.05","s":"BTC-230120-19000-P","t":"480"},"stream":"BTC@trade"},"service":"user-service"}
{"additional":"properties","are":"passed along","level":"info","message":{"data":{"E":1674039648152,"S":"-1","T":1674039647894,"a":"4710810317216112640","b":"4692795918677958656","e":"trade","p":"5","q":"0.05","s":"BTC-230120-19000-P","t":"480"},"stream":"BTC@trade"},"service":"user-service"}
{"additional":"properties","are":"passed along","level":"info","message":{"data":{"E":1674039655333,"S":"1","T":1674039655156,"a":"4692795904550277120","b":"4737831915009945600","e":"trade","p":"5.1","q":"7.99","s":"ETH-230120-1500-P","t":"234"},"stream":"ETH@trade"},"service":"user-service"}
{"additional":"properties","are":"passed along","level":"info","message":{"data":{"E":1674039655333,"S":"1","T":1674039655219,"a":"4710810316939112448","b":"4701803117991276544","e":"trade","p":"5.1","q":"19.24","s":"ETH-230120-1500-P","t":"236"},"stream":"ETH@trade"},"service":"user-service"}
{"additional":"properties","are":"passed along","level":"info","message":{"data":{"E":1674039655333,"S":"1","T":1674039655156,"a":"4692795904550277120","b":"4737831915009945600","e":"trade","p":"5.1","q":"7.99","s":"ETH-230120-1500-P","t":"234"},"stream":"ETH@trade"},"service":"user-service"}
{"additional":"properties","are":"passed along","level":"info","message":{"data":{"E":1674039655333,"S":"1","T":1674039655219,"a":"4710810316939112448","b":"4701803117991276544","e":"trade","p":"5.1","q":"19.24","s":"ETH-230120-1500-P","t":"236"},"stream":"ETH@trade"},"service":"user-service"}
{"additional":"properties","are":"passed along","level":"info","message":{"data":{"E":1674039655333,"S":"1","T":1674039655156,"a":"4710810316939112448","b":"4737831915009945600","e":"trade","p":"5.1","q":"11.81","s":"ETH-230120-1500-P","t":"235"},"stream":"ETH@trade"},"service":"user-service"}
{"additional":"properties","are":"passed along","level":"info","message":{"data":{"E":1674039655333,"S":"1","T":1674039655156,"a":"4710810316939112448","b":"4737831915009945600","e":"trade","p":"5.1","q":"11.81","s":"ETH-230120-1500-P","t":"235"},"stream":"ETH@trade"},"service":"user-service"}
{"additional":"properties","are":"passed along","level":"info","message":{"data":{"E":1674039671461,"S":"1","T":1674039671331,"a":"4665774273780342784","b":"4638752723274182656","e":"trade","p":"4.1","q":"6","s":"ETH-230203-1100-P","t":"81"},"stream":"ETH@trade"},"service":"user-service"}
{"additional":"properties","are":"passed along","level":"info","message":{"data":{"E":1674039671461,"S":"1","T":1674039671331,"a":"4665774273780342784","b":"4638752723274182656","e":"trade","p":"4.1","q":"6","s":"ETH-230203-1100-P","t":"81"},"stream":"ETH@trade"},"service":"user-service"}
{"additional":"properties","are":"passed along","level":"info","message":{"data":{"E":1674039682223,"S":"-1","T":1674039681973,"a":"4737831915119886336","b":"4728824715727532032","e":"trade","p":"5","q":"2.49","s":"BTC-230120-19000-P","t":"481"},"stream":"BTC@trade"},"service":"user-service"}
{"additional":"properties","are":"passed along","level":"info","message":{"data":{"E":1674039682223,"S":"-1","T":1674039681973,"a":"4737831915119886336","b":"4728824715727532032","e":"trade","p":"5","q":"2.49","s":"BTC-230120-19000-P","t":"481"},"stream":"BTC@trade"},"service":"user-service"}
{"additional":"properties","are":"passed along","level":"info","message":{"data":{"E":1674039682223,"S":"-1","T":1674039682062,"a":"4737831915120197632","b":"4728824715727532032","e":"trade","p":"5","q":"0.24","s":"BTC-230120-19000-P","t":"482"},"stream":"BTC@trade"},"service":"user-service"}
{"additional":"properties","are":"passed along","level":"info","message":{"data":{"E":1674039682223,"S":"-1","T":1674039682062,"a":"4737831915120197632","b":"4728824715727532032","e":"trade","p":"5","q":"0.24","s":"BTC-230120-19000-P","t":"482"},"stream":"BTC@trade"},"service":"user-service"}
{"additional":"properties","are":"passed along","level":"info","message":{"id":1,"result":null},"service":"user-service"}
{"additional":"properties","are":"passed along","level":"info","message":{"id":1,"result":null},"service":"user-service"}
{"additional":"properties","are":"passed along","level":"info","message":{"id":1,"result":null},"service":"user-service"}
{"additional":"properties","are":"passed along","level":"info","message":{"id":1,"result":null},"service":"user-service"}
{"additional":"properties","are":"passed along","level":"info","message":{"data":{"E":1674039902951,"S":"1","T":1674039902788,"a":"4692795918250098688","b":"4683788720495935488","e":"trade","p":"4.2","q":"9.35","s":"ETH-230203-1100-P","t":"83"},"stream":"ETH@trade"},"service":"user-service"}
{"additional":"properties","are":"passed along","level":"info","message":{"data":{"E":1674039902951,"S":"1","T":1674039902788,"a":"4692795918250098688","b":"4683788720495935488","e":"trade","p":"4.2","q":"9.35","s":"ETH-230203-1100-P","t":"83"},"stream":"ETH@trade"},"service":"user-service"}
{"additional":"properties","are":"passed along","level":"info","message":{"data":{"E":1674039917510,"S":"1","T":1674039917320,"a":"4692795918250098688","b":"4683788720555425792","e":"trade","p":"4.2","q":"1","s":"ETH-230203-1100-P","t":"84"},"stream":"ETH@trade"},"service":"user-service"}
{"additional":"properties","are":"passed along","level":"info","message":{"data":{"E":1674039917510,"S":"1","T":1674039917320,"a":"4692795918250098688","b":"4683788720555425792","e":"trade","p":"4.2","q":"1","s":"ETH-230203-1100-P","t":"84"},"stream":"ETH@trade"},"service":"user-service"}
{"additional":"properties","are":"passed along","level":"info","message":{"id":1,"result":null},"service":"user-service"}
{"additional":"properties","are":"passed along","level":"info","message":{"data":{"E":1674040087533,"S":"-1","T":1674040087357,"a":"4728824717525602304","b":"4719817516654276608","e":"trade","p":"27","q":"2.27","s":"BTC-230120-20000-P","t":"420"},"stream":"BTC@trade"},"service":"user-service"}
{"additional":"properties","are":"passed along","level":"info","message":{"id":1,"result":null},"service":"user-service"}
{"additional":"properties","are":"passed along","level":"info","message":{"id":1,"result":null},"service":"user-service"}
{"additional":"properties","are":"passed along","level":"info","message":{"id":1,"result":null},"service":"user-service"}
{"additional":"properties","are":"passed along","level":"info","message":{"id":1,"result":null},"service":"user-service"}
{"additional":"properties","are":"passed along","level":"info","message":{"id":1,"result":null},"service":"user-service"}
{"additional":"properties","are":"passed along","level":"info","message":{"id":1,"result":null},"service":"user-service"}
{"additional":"properties","are":"passed along","level":"info","message":{"data":{"E":1674040641813,"S":"1","T":1674040641637,"a":"4683788717171240960","b":"4710810321286479872","e":"trade","p":"106.7","q":"6","s":"ETH-230127-1500-C","t":"1529"},"stream":"ETH@trade"},"service":"user-service"}
{"additional":"properties","are":"passed along","level":"info","message":{"data":{"E":1674040647064,"S":"-1","T":1674040646888,"a":"4710810321307979776","b":"4647759924650479616","e":"trade","p":"4","q":"2","s":"ETH-230203-1100-P","t":"86"},"stream":"ETH@trade"},"service":"user-service"}
{"additional":"properties","are":"passed along","level":"info","message":{"data":{"E":1674040647064,"S":"-1","T":1674040646888,"a":"4710810321307979776","b":"4683788721724661760","e":"trade","p":"4","q":"1","s":"ETH-230203-1100-P","t":"87"},"stream":"ETH@trade"},"service":"user-service"}
{"additional":"properties","are":"passed along","level":"info","message":{"id":1,"result":null},"service":"user-service"}
{"additional":"properties","are":"passed along","level":"info","message":{"id":1,"result":null},"service":"user-service"}
{"additional":"properties","are":"passed along","level":"info","message":{"id":1,"result":null},"service":"user-service"}
{"additional":"properties","are":"passed along","level":"info","message":{"id":1,"result":null},"service":"user-service"}
{"additional":"properties","are":"passed along","level":"info","message":{"id":1,"result":null},"service":"user-service"}
{"additional":"properties","are":"passed along","level":"info","message":{"data":{"E":1674040836542,"S":"1","T":1674040836481,"a":"4701803122782658560","b":"4683788724320342016","e":"trade","p":"17","q":"2.42","s":"BTC-230120-23000-C","t":"287"},"stream":"BTC@trade"},"service":"user-service"}
{"additional":"properties","are":"passed along","level":"info","message":{"data":{"E":1674040836542,"S":"1","T":1674040836481,"a":"4701803122782658560","b":"4683788724320342016","e":"trade","p":"17","q":"2.42","s":"BTC-230120-23000-C","t":"287"},"stream":"BTC@trade"},"service":"user-service"}
{"additional":"properties","are":"passed along","level":"info","message":{"data":{"E":1674040843999,"S":"-1","T":1674040843896,"a":"4638752728077004800","b":"4719817520769351680","e":"trade","p":"72.6","q":"0.03","s":"ETH-230120-1500-C","t":"721"},"stream":"ETH@trade"},"service":"user-service"}
{"additional":"properties","are":"passed along","level":"info","message":{"data":{"E":1674040843999,"S":"-1","T":1674040843896,"a":"4638752728077004800","b":"4719817520769351680","e":"trade","p":"72.6","q":"0.03","s":"ETH-230120-1500-C","t":"721"},"stream":"ETH@trade"},"service":"user-service"}
{"additional":"properties","are":"passed along","level":"info","message":{"data":{"E":1674040857735,"S":"1","T":1674040857471,"a":"4701803122882019328","b":"4656767126642094080","e":"trade","p":"18","q":"2.42","s":"BTC-230120-23000-C","t":"288"},"stream":"BTC@trade"},"service":"user-service"}
{"additional":"properties","are":"passed along","level":"info","message":{"data":{"E":1674040857735,"S":"1","T":1674040857471,"a":"4701803122882019328","b":"4656767126642094080","e":"trade","p":"18","q":"2.42","s":"BTC-230120-23000-C","t":"288"},"stream":"BTC@trade"},"service":"user-service"}
{"additional":"properties","are":"passed along","level":"info","message":{"id":1,"result":null},"service":"user-service"}
{"additional":"properties","are":"passed along","level":"info","message":{"id":1,"result":null},"service":"user-service"}
{"additional":"properties","are":"passed along","level":"info","message":{"id":1,"result":null},"service":"user-service"}
{"additional":"properties","are":"passed along","level":"info","message":{"id":1,"result":null},"service":"user-service"}
{"additional":"properties","are":"passed along","level":"info","message":{"data":{"E":1674040870284,"S":"1","T":1674040870026,"a":"4728824720680214528","b":"4638752728183992320","e":"trade","p":"18","q":"2.47","s":"BTC-230120-23000-C","t":"289"},"stream":"BTC@trade"},"service":"user-service"}
{"additional":"properties","are":"passed along","level":"info","message":{"data":{"E":1674040870284,"S":"1","T":1674040870026,"a":"4728824720680214528","b":"4638752728183992320","e":"trade","p":"18","q":"2.47","s":"BTC-230120-23000-C","t":"289"},"stream":"BTC@trade"},"service":"user-service"}
{"additional":"properties","are":"passed along","level":"info","message":{"data":{"E":1674040912220,"S":"1","T":1674040912000,"a":"4728824709955514368","b":"4665774326120181760","e":"trade","p":"0.3","q":"8.07","s":"ETH-230120-1800-C","t":"192"},"stream":"ETH@trade"},"service":"user-service"}
{"additional":"properties","are":"passed along","level":"info","message":{"data":{"E":1674040912220,"S":"1","T":1674040912000,"a":"4728824709955514368","b":"4665774326120181760","e":"trade","p":"0.3","q":"8.07","s":"ETH-230120-1800-C","t":"192"},"stream":"ETH@trade"},"service":"user-service"}
{"additional":"properties","are":"passed along","level":"info","message":{"data":{"E":1674040912220,"S":"1","T":1674040912000,"a":"4701803116107677696","b":"4665774326120181760","e":"trade","p":"0.3","q":"0.93","s":"ETH-230120-1800-C","t":"193"},"stream":"ETH@trade"},"service":"user-service"}
{"additional":"properties","are":"passed along","level":"info","message":{"data":{"E":1674040912220,"S":"1","T":1674040912000,"a":"4701803116107677696","b":"4665774326120181760","e":"trade","p":"0.3","q":"0.93","s":"ETH-230120-1800-C","t":"193"},"stream":"ETH@trade"},"service":"user-service"}
{"additional":"properties","are":"passed along","level":"info","message":{"data":{"E":1674040935790,"S":"1","T":1674040935668,"a":"4710810322484015104","b":"4737831920255057920","e":"trade","p":"27","q":"2.27","s":"BTC-230120-20000-P","t":"421"},"stream":"BTC@trade"},"service":"user-service"}
{"additional":"properties","are":"passed along","level":"info","message":{"data":{"E":1674040935790,"S":"1","T":1674040935668,"a":"4710810322484015104","b":"4737831920255057920","e":"trade","p":"27","q":"2.27","s":"BTC-230120-20000-P","t":"421"},"stream":"BTC@trade"},"service":"user-service"}
{"additional":"properties","are":"passed along","level":"info","message":{"data":{"E":1674040945859,"S":"1","T":1674040945322,"a":"4728824719242256384","b":"4674781525511413760","e":"trade","p":"32.7","q":"1","s":"ETH-230127-1500-P","t":"436"},"stream":"ETH@trade"},"service":"user-service"}
{"additional":"properties","are":"passed along","level":"info","message":{"data":{"E":1674040945859,"S":"1","T":1674040945322,"a":"4728824719242256384","b":"4674781525511413760","e":"trade","p":"32.7","q":"1","s":"ETH-230127-1500-P","t":"436"},"stream":"ETH@trade"},"service":"user-service"}
{"additional":"properties","are":"passed along","level":"info","message":{"data":{"E":1674040950530,"S":"1","T":1674040950316,"a":"4647759923139031040","b":"4656767127022383104","e":"trade","p":"80","q":"0.5","s":"BTC-230120-22000-C","t":"207"},"stream":"BTC@trade"},"service":"user-service"}
{"additional":"properties","are":"passed along","level":"info","message":{"data":{"E":1674040950530,"S":"1","T":1674040950316,"a":"4647759923139031040","b":"4656767127022383104","e":"trade","p":"80","q":"0.5","s":"BTC-230120-22000-C","t":"207"},"stream":"BTC@trade"},"service":"user-service"}
{"additional":"properties","are":"passed along","level":"info","message":{"data":{"E":1674041027807,"S":"-1","T":1674041027729,"a":"4710810322867912704","b":"4701803123573796864","e":"trade","p":"9","q":"0.9","s":"BTC-230127-16000-P","t":"226"},"stream":"BTC@trade"},"service":"user-service"}
{"additional":"properties","are":"passed along","level":"info","message":{"data":{"E":1674041027807,"S":"-1","T":1674041027729,"a":"4710810322867912704","b":"4701803123573796864","e":"trade","p":"9","q":"0.9","s":"BTC-230127-16000-P","t":"226"},"stream":"BTC@trade"},"service":"user-service"}
{"additional":"properties","are":"passed along","level":"info","message":{"data":{"E":1674041027807,"S":"-1","T":1674041027684,"a":"4728824721377214464","b":"4701803123573796864","e":"trade","p":"9","q":"2.4","s":"BTC-230127-16000-P","t":"225"},"stream":"BTC@trade"},"service":"user-service"}
{"additional":"properties","are":"passed along","level":"info","message":{"data":{"E":1674041027807,"S":"-1","T":1674041027684,"a":"4728824721377214464","b":"4701803123573796864","e":"trade","p":"9","q":"2.4","s":"BTC-230127-16000-P","t":"225"},"stream":"BTC@trade"},"service":"user-service"}
{"additional":"properties","are":"passed along","level":"info","message":{"data":{"E":1674041026604,"S":"1","T":1674041026390,"a":"4692795921682550784","b":"4656767127333986304","e":"trade","p":"155.2","q":"0.01","s":"ETH-230224-1600-P","t":"19"},"stream":"ETH@trade"},"service":"user-service"}
{"additional":"properties","are":"passed along","level":"info","message":{"data":{"E":1674041026604,"S":"1","T":1674041026390,"a":"4692795921682550784","b":"4656767127333986304","e":"trade","p":"155.2","q":"0.01","s":"ETH-230224-1600-P","t":"19"},"stream":"ETH@trade"},"service":"user-service"}
{"additional":"properties","are":"passed along","level":"info","message":{"data":{"E":1674041024779,"S":"1","T":1674041024646,"a":"4638752704243322880","b":"4656767127326838784","e":"trade","p":"20","q":"0.1","s":"ETH-230119-1450-P","t":"10"},"stream":"ETH@trade"},"service":"user-service"}
{"additional":"properties","are":"passed along","level":"info","message":{"data":{"E":1674041024779,"S":"1","T":1674041024646,"a":"4638752704243322880","b":"4656767127326838784","e":"trade","p":"20","q":"0.1","s":"ETH-230119-1450-P","t":"10"},"stream":"ETH@trade"},"service":"user-service"}
{"additional":"properties","are":"passed along","level":"info","message":{"data":{"E":1674041058728,"S":"1","T":1674041058546,"a":"4710810322987843584","b":"4638752728956174336","e":"trade","p":"107.5","q":"0.08","s":"ETH-230127-1500-C","t":"1530"},"stream":"ETH@trade"},"service":"user-service"}
{"additional":"properties","are":"passed along","level":"info","message":{"data":{"E":1674041058728,"S":"1","T":1674041058546,"a":"4710810322987843584","b":"4638752728956174336","e":"trade","p":"107.5","q":"0.08","s":"ETH-230127-1500-C","t":"1530"},"stream":"ETH@trade"},"service":"user-service"}
{"additional":"properties","are":"passed along","level":"info","message":{"data":{"E":1674041100493,"S":"-1","T":1674041100208,"a":"4701803123910033408","b":"4692795924360450048","e":"trade","p":"9","q":"2.47","s":"BTC-230127-16000-P","t":"227"},"stream":"BTC@trade"},"service":"user-service"}
{"additional":"properties","are":"passed along","level":"info","message":{"data":{"E":1674041100493,"S":"-1","T":1674041100259,"a":"4719817522419691520","b":"4692795924360450048","e":"trade","p":"9","q":"1.42","s":"BTC-230127-16000-P","t":"228"},"stream":"BTC@trade"},"service":"user-service"}
{"additional":"properties","are":"passed along","level":"info","message":{"data":{"E":1674041100493,"S":"-1","T":1674041100259,"a":"4719817522419691520","b":"4692795924360450048","e":"trade","p":"9","q":"1.42","s":"BTC-230127-16000-P","t":"228"},"stream":"BTC@trade"},"service":"user-service"}
{"additional":"properties","are":"passed along","level":"info","message":{"data":{"E":1674041100493,"S":"-1","T":1674041100208,"a":"4701803123910033408","b":"4692795924360450048","e":"trade","p":"9","q":"2.47","s":"BTC-230127-16000-P","t":"227"},"stream":"BTC@trade"},"service":"user-service"}
{"additional":"properties","are":"passed along","level":"info","message":{"data":{"E":1674041150621,"S":"1","T":1674041150394,"a":"4728824715885342720","b":"4665774327096647680","e":"trade","p":"5","q":"2","s":"BTC-230120-19000-P","t":"483"},"stream":"BTC@trade"},"service":"user-service"}
{"additional":"properties","are":"passed along","level":"info","message":{"data":{"E":1674041150621,"S":"1","T":1674041150394,"a":"4728824715885342720","b":"4665774327096647680","e":"trade","p":"5","q":"2","s":"BTC-230120-19000-P","t":"483"},"stream":"BTC@trade"},"service":"user-service"}
{"additional":"properties","are":"passed along","level":"info","message":{"data":{"E":1674041202283,"S":"1","T":1674041201993,"a":"4710810322492297216","b":"4683788725817454592","e":"trade","p":"32","q":"0.05","s":"BTC-230120-20000-P","t":"422"},"stream":"BTC@trade"},"service":"user-service"}
{"additional":"properties","are":"passed along","level":"info","message":{"data":{"E":1674041202283,"S":"1","T":1674041201993,"a":"4710810322492297216","b":"4683788725817454592","e":"trade","p":"32","q":"0.05","s":"BTC-230120-20000-P","t":"422"},"stream":"BTC@trade"},"service":"user-service"}
{"additional":"properties","are":"passed along","level":"info","message":{"data":{"E":1674041239888,"S":"-1","T":1674041239627,"a":"4674781526716887040","b":"4665774323084042240","e":"trade","p":"16.7","q":"0.01","s":"ETH-230120-1600-C","t":"634"},"stream":"ETH@trade"},"service":"user-service"}
{"additional":"properties","are":"passed along","level":"info","message":{"data":{"E":1674041239888,"S":"-1","T":1674041239627,"a":"4674781526716887040","b":"4665774323084042240","e":"trade","p":"16.7","q":"0.01","s":"ETH-230120-1600-C","t":"634"},"stream":"ETH@trade"},"service":"user-service"}
{"additional":"properties","are":"passed along","level":"info","message":{"data":{"E":1674041238282,"S":"-1","T":1674041238138,"a":"4656767128201306112","b":"4629745495243071488","e":"trade","p":"0.5","q":"2.45","s":"ETH-230119-1750-C","t":"7"},"stream":"ETH@trade"},"service":"user-service"}
{"additional":"properties","are":"passed along","level":"info","message":{"data":{"E":1674041238282,"S":"-1","T":1674041238138,"a":"4656767128201306112","b":"4629745495243071488","e":"trade","p":"0.5","q":"2.45","s":"ETH-230119-1750-C","t":"7"},"stream":"ETH@trade"},"service":"user-service"}
{"additional":"properties","are":"passed along","level":"info","message":{"data":{"E":1674041238282,"S":"-1","T":1674041238138,"a":"4656767128201306112","b":"4665774282745487360","e":"trade","p":"0.3","q":"1","s":"ETH-230119-1750-C","t":"8"},"stream":"ETH@trade"},"service":"user-service"}
{"additional":"properties","are":"passed along","level":"info","message":{"data":{"E":1674041238282,"S":"-1","T":1674041238138,"a":"4656767128201306112","b":"4665774282745487360","e":"trade","p":"0.3","q":"1","s":"ETH-230119-1750-C","t":"8"},"stream":"ETH@trade"},"service":"user-service"}
{"additional":"properties","are":"passed along","level":"info","message":{"data":{"E":1674041266572,"S":"-1","T":1674041266337,"a":"4674781526826291200","b":"4647759906974646272","e":"trade","p":"3","q":"2","s":"BTC-230120-26000-C","t":"430"},"stream":"BTC@trade"},"service":"user-service"}
{"additional":"properties","are":"passed along","level":"info","message":{"data":{"E":1674041266572,"S":"-1","T":1674041266337,"a":"4674781526826291200","b":"4647759906974646272","e":"trade","p":"3","q":"2","s":"BTC-230120-26000-C","t":"430"},"stream":"BTC@trade"},"service":"user-service"}
{"additional":"properties","are":"passed along","level":"info","message":{"data":{"E":1674041279921,"S":"-1","T":1674041279725,"a":"4656767128371646464","b":"4692795924417867776","e":"trade","p":"4.5","q":"0.5","s":"ETH-230120-1500-P","t":"237"},"stream":"ETH@trade"},"service":"user-service"}
{"additional":"properties","are":"passed along","level":"info","message":{"data":{"E":1674041279921,"S":"-1","T":1674041279725,"a":"4656767128371646464","b":"4692795924417867776","e":"trade","p":"4.5","q":"0.5","s":"ETH-230120-1500-P","t":"237"},"stream":"ETH@trade"},"service":"user-service"}
