{"level":"info","message":"Connected!","service":"user-service"}
{"additional":"properties","are":"passed along","level":"info","message":{"conn_id":"0af1a0fffe1104a8-00002c4a-006d9198-8fe1fc8948161851-f7024099","ret_msg":"10001","success":false},"service":"user-service"}
{"level":"info","message":"Connected!","service":"user-service"}
{"additional":"properties","are":"passed along","level":"info","message":{"conn_id":"02eedefffe3db4a4-00000d13-006d9d6d-ce9da19e9997c68f-e9fa6816","ret_msg":"10001","success":false},"service":"user-service"}
{"level":"info","message":"Connected!","service":"user-service"}
{"additional":"properties","are":"passed along","level":"info","message":{"conn_id":"06dd1efffe9e3272-000011c2-006d909a-0dc89b82389472e0-68efb751","ret_msg":"10001","success":false},"service":"user-service"}
{"level":"info","message":"Checking Heartbeat","service":"user-service"}
{"level":"info","message":"Checking Heartbeat","service":"user-service"}
{"level":"info","message":"Checking Heartbeat","service":"user-service"}
{"level":"info","message":"Checking Heartbeat","service":"user-service"}
{"level":"info","message":"Checking Heartbeat","service":"user-service"}
{"level":"info","message":"Checking Heartbeat","service":"user-service"}
{"level":"info","message":"Connected!","service":"user-service"}
{"additional":"properties","are":"passed along","level":"info","message":{"conn_id":"0af5e0fffed7f6f0-0000576e-006d90e7-7cd68cd69614cc7a-47d6d9de","ret_msg":"10001","success":false},"service":"user-service"}
{"level":"info","message":"Checking Heartbeat","service":"user-service"}
{"level":"info","message":"Connected!","service":"user-service"}
{"additional":"properties","are":"passed along","level":"info","message":{"conn_id":"0af1a0fffe1104a8-00002c4a-006d923a-c04aa1949414eecb-ab3de71c","ret_msg":"10001","success":false},"service":"user-service"}
{"level":"info","message":"Checking Heartbeat","service":"user-service"}
{"level":"info","message":"Checking Heartbeat","service":"user-service"}
{"level":"info","message":"Connected!","service":"user-service"}
{"additional":"properties","are":"passed along","level":"info","message":{"conn_id":"02eedefffe3db4a4-00000d13-006d9dd9-f29349618195499d-641b6af7","ret_msg":"10001","success":false},"service":"user-service"}
{"level":"info","message":"Checking Heartbeat","service":"user-service"}
{"level":"info","message":"Checking Heartbeat","service":"user-service"}
{"level":"info","message":"Checking Heartbeat","service":"user-service"}
{"level":"info","message":"Checking Heartbeat","service":"user-service"}
{"level":"info","message":"Checking Heartbeat","service":"user-service"}
{"level":"info","message":"Checking Heartbeat","service":"user-service"}
{"level":"info","message":"Checking Heartbeat","service":"user-service"}
{"level":"info","message":"Checking Heartbeat","service":"user-service"}
{"level":"info","message":"Checking Heartbeat","service":"user-service"}
{"level":"info","message":"Checking Heartbeat","service":"user-service"}
{"level":"info","message":"Checking Heartbeat","service":"user-service"}
{"level":"info","message":"Checking Heartbeat","service":"user-service"}
{"level":"info","message":"Checking Heartbeat","service":"user-service"}
{"level":"info","message":"Checking Heartbeat","service":"user-service"}
{"level":"info","message":"Checking Heartbeat","service":"user-service"}
{"level":"info","message":"Checking Heartbeat","service":"user-service"}
{"level":"info","message":"Checking Heartbeat","service":"user-service"}
{"level":"info","message":"Checking Heartbeat","service":"user-service"}
{"level":"info","message":"Checking Heartbeat","service":"user-service"}
{"level":"info","message":"Checking Heartbeat","service":"user-service"}
{"level":"info","message":"Checking Heartbeat","service":"user-service"}
{"level":"info","message":"Checking Heartbeat","service":"user-service"}
{"level":"info","message":"Checking Heartbeat","service":"user-service"}
{"level":"info","message":"Checking Heartbeat","service":"user-service"}
{"level":"info","message":"Checking Heartbeat","service":"user-service"}
{"level":"info","message":"Checking Heartbeat","service":"user-service"}
{"level":"info","message":"Checking Heartbeat","service":"user-service"}
{"level":"info","message":"Checking Heartbeat","service":"user-service"}
{"level":"info","message":"Checking Heartbeat","service":"user-service"}
{"level":"info","message":"Checking Heartbeat","service":"user-service"}
{"level":"info","message":"Checking Heartbeat","service":"user-service"}
{"level":"info","message":"Checking Heartbeat","service":"user-service"}
{"level":"info","message":"Checking Heartbeat","service":"user-service"}
{"level":"info","message":"Checking Heartbeat","service":"user-service"}
{"level":"info","message":"Checking Heartbeat","service":"user-service"}
{"level":"info","message":"Checking Heartbeat","service":"user-service"}
{"level":"info","message":"Checking Heartbeat","service":"user-service"}
{"level":"info","message":"Checking Heartbeat","service":"user-service"}
{"level":"info","message":"Checking Heartbeat","service":"user-service"}
{"level":"info","message":"Checking Heartbeat","service":"user-service"}
{"level":"info","message":"Checking Heartbeat","service":"user-service"}
{"level":"info","message":"Checking Heartbeat","service":"user-service"}
{"level":"info","message":"Checking Heartbeat","service":"user-service"}
{"level":"info","message":"Checking Heartbeat","service":"user-service"}
{"level":"info","message":"Checking Heartbeat","service":"user-service"}
{"level":"info","message":"Checking Heartbeat","service":"user-service"}
{"level":"info","message":"Checking Heartbeat","service":"user-service"}
{"level":"info","message":"Checking Heartbeat","service":"user-service"}
{"level":"info","message":"Connected!","service":"user-service"}
{"level":"info","message":"Checking Heartbeat","service":"user-service"}
{"level":"info","message":"Connected!","service":"user-service"}
{"level":"info","message":"Checking Heartbeat","service":"user-service"}
{"level":"info","message":"Checking Heartbeat","service":"user-service"}
{"level":"info","message":"Checking Heartbeat","service":"user-service"}
{"level":"info","message":"Checking Heartbeat","service":"user-service"}
{"level":"info","message":"Checking Heartbeat","service":"user-service"}
{"level":"info","message":"Checking Heartbeat","service":"user-service"}
{"level":"info","message":"Checking Heartbeat","service":"user-service"}
{"level":"info","message":"Checking Heartbeat","service":"user-service"}
{"level":"info","message":"Checking Heartbeat","service":"user-service"}
{"level":"info","message":"Checking Heartbeat","service":"user-service"}
{"level":"info","message":"Checking Heartbeat","service":"user-service"}
{"level":"info","message":"Checking Heartbeat","service":"user-service"}
{"level":"info","message":"Checking Heartbeat","service":"user-service"}
{"level":"info","message":"Checking Heartbeat","service":"user-service"}
{"level":"info","message":"Checking Heartbeat","service":"user-service"}
{"level":"info","message":"Checking Heartbeat","service":"user-service"}
{"level":"info","message":"Checking Heartbeat","service":"user-service"}
{"level":"info","message":"Checking Heartbeat","service":"user-service"}
{"level":"info","message":"Checking Heartbeat","service":"user-service"}
{"level":"info","message":"Checking Heartbeat","service":"user-service"}
{"level":"info","message":"Checking Heartbeat","service":"user-service"}
{"level":"info","message":"Checking Heartbeat","service":"user-service"}
{"level":"info","message":"Checking Heartbeat","service":"user-service"}
{"level":"info","message":"Checking Heartbeat","service":"user-service"}
{"level":"info","message":"Checking Heartbeat","service":"user-service"}
{"level":"info","message":"Checking Heartbeat","service":"user-service"}
{"level":"info","message":"Checking Heartbeat","service":"user-service"}
{"level":"info","message":"Checking Heartbeat","service":"user-service"}
{"level":"info","message":"Checking Heartbeat","service":"user-service"}
{"level":"info","message":"Connected!","service":"user-service"}
{"level":"info","message":"Connected!","service":"user-service"}
{"additional":"properties","are":"passed along","level":"info","message":{"code":"60012","event":"error","msg":"Illegal request: \"type\":\"subscribe\",\"channels\":[ \"market_trade\"],\"currencies\":[\"BTC\"],\"categories\":[\"option\"],\"interval\": \"100ms\""},"service":"user-service"}
{"level":"info","message":"Checking Heartbeat","service":"user-service"}
{"level":"info","message":"Checking Heartbeat","service":"user-service"}
{"additional":"properties","are":"passed along","level":"info","message":{"code":"60012","event":"error","msg":"Illegal request: {\"type\":\"ping\",\"params\":{\"id\":123}"},"service":"user-service"}
{"level":"info","message":"Checking Heartbeat","service":"user-service"}
{"level":"info","message":"Checking Heartbeat","service":"user-service"}
{"additional":"properties","are":"passed along","level":"info","message":{"code":"60012","event":"error","msg":"Illegal request: {\"type\":\"ping\",\"params\":{\"id\":123}"},"service":"user-service"}
{"level":"info","message":"Connected!","service":"user-service"}
{"level":"info","message":"Connected!","service":"user-service"}
{"additional":"properties","are":"passed along","level":"info","message":{"code":"60012","event":"error","msg":"Illegal request: \"type\":\"subscribe\",\"channels\":[ \"market_trade\"],\"currencies\":[\"BTC\"],\"categories\":[\"option\"],\"interval\": \"100ms\""},"service":"user-service"}
